This file contains any messages produced by compilers while
running configure, to aid debugging if configure makes a mistake.

It was created by ARTP2 configure 0.9.31, which was
generated by GNU Autoconf 2.69.  Invocation command line was

  $ ./configure 

## --------- ##
## Platform. ##
## --------- ##

hostname = NCI-01940485-ML
uname -m = x86_64
uname -r = 15.3.0
uname -s = Darwin
uname -v = Darwin Kernel Version 15.3.0: Thu Dec 10 18:40:58 PST 2015; root:xnu-3248.30.4~1/RELEASE_X86_64

/usr/bin/uname -p = i386
/bin/uname -X     = unknown

/bin/arch              = unknown
/usr/bin/arch -k       = unknown
/usr/convex/getsysinfo = unknown
/usr/bin/hostinfo      = Mach kernel version:
	 Darwin Kernel Version 15.3.0: Thu Dec 10 18:40:58 PST 2015; root:xnu-3248.30.4~1/RELEASE_X86_64
Kernel configured for up to 8 processors.
4 processors are physically available.
8 processors are logically available.
Processor type: x86_64h (Intel x86-64h Haswell)
Processors active: 0 1 2 3 4 5 6 7
Primary memory available: 16.00 gigabytes
Default processor set: 336 tasks, 1942 threads, 8 processors
Load average: 1.70, Mach factor: 6.28
/bin/machine           = unknown
/usr/bin/oslevel       = unknown
/bin/universe          = unknown

PATH: /usr/bin
PATH: /bin
PATH: /usr/sbin
PATH: /sbin
PATH: /usr/local/bin
PATH: /Users/zhangh12/Dropbox/research/meta-pathway/plink-1.07-mac-intel
PATH: /opt/X11/bin
PATH: /Library/TeX/texbin
PATH: /opt/local/bin


## ----------- ##
## Core tests. ##
## ----------- ##

configure:1912: checking for C++ compiler version
configure:1921: clang++ -std=c++11 --version >&5
Apple LLVM version 7.3.0 (clang-703.0.31)
Target: x86_64-apple-darwin15.3.0
Thread model: posix
InstalledDir: /Applications/Xcode.app/Contents/Developer/Toolchains/XcodeDefault.xctoolchain/usr/bin
configure:1932: $? = 0
configure:1921: clang++ -std=c++11 -v >&5
Apple LLVM version 7.3.0 (clang-703.0.31)
Target: x86_64-apple-darwin15.3.0
Thread model: posix
InstalledDir: /Applications/Xcode.app/Contents/Developer/Toolchains/XcodeDefault.xctoolchain/usr/bin
clang: warning: argument unused during compilation: '-std=c++11'
configure:1932: $? = 0
configure:1921: clang++ -std=c++11 -V >&5
clang: error: argument to '-V' is missing (expected 1 value)
clang: error: no input files
configure:1932: $? = 1
configure:1921: clang++ -std=c++11 -qversion >&5
clang: error: unknown argument: '-qversion'
clang: error: no input files
configure:1932: $? = 1
configure:1952: checking whether the C++ compiler works
configure:1974: clang++ -std=c++11 -Wall -mtune=core2 -g -O2   conftest.cpp  >&5
configure:1978: $? = 0
configure:2026: result: yes
configure:2029: checking for C++ compiler default output file name
configure:2031: result: a.out
configure:2037: checking for suffix of executables
configure:2044: clang++ -std=c++11 -o conftest -Wall -mtune=core2 -g -O2   conftest.cpp  >&5
configure:2048: $? = 0
configure:2070: result: 
configure:2092: checking whether we are cross compiling
configure:2100: clang++ -std=c++11 -o conftest -Wall -mtune=core2 -g -O2   conftest.cpp  >&5
configure:2104: $? = 0
configure:2111: ./conftest
configure:2115: $? = 0
configure:2130: result: no
configure:2135: checking for suffix of object files
configure:2157: clang++ -std=c++11 -c -Wall -mtune=core2 -g -O2  conftest.cpp >&5
configure:2161: $? = 0
configure:2182: result: o
configure:2186: checking whether we are using the GNU C++ compiler
configure:2205: clang++ -std=c++11 -c -Wall -mtune=core2 -g -O2  conftest.cpp >&5
configure:2205: $? = 0
configure:2214: result: yes
configure:2223: checking whether clang++ -std=c++11 accepts -g
configure:2243: clang++ -std=c++11 -c -g  conftest.cpp >&5
configure:2243: $? = 0
configure:2284: result: yes
configure:2308: checking for clang++ -std=c++11 option to support OpenMP
configure:2323: clang++ -std=c++11 -o conftest -Wall -mtune=core2 -g -O2   conftest.cpp  >&5
conftest.cpp:11:2: error: unknown type name 'choke'
 choke me
 ^
conftest.cpp:13:10: fatal error: 'omp.h' file not found
#include <omp.h>
         ^
2 errors generated.
configure:2323: $? = 1
configure: failed program was:
| /* confdefs.h */
| #define PACKAGE_NAME "ARTP2"
| #define PACKAGE_TARNAME "ARTP2"
| #define PACKAGE_VERSION "0.9.31"
| #define PACKAGE_STRING "ARTP2 0.9.31"
| #define PACKAGE_BUGREPORT ""
| #define PACKAGE_URL ""
| /* end confdefs.h.  */
| 
| #ifndef _OPENMP
|  choke me
| #endif
| #include <omp.h>
| int main () { return omp_get_num_threads (); }
| 
configure:2343: clang++ -std=c++11 -o conftest -Wall -mtune=core2 -g -O2 -fopenmp   conftest.cpp  >&5
clang: error: unsupported option '-fopenmp'
clang: error: unsupported option '-fopenmp'
configure:2343: $? = 1
configure: failed program was:
| /* confdefs.h */
| #define PACKAGE_NAME "ARTP2"
| #define PACKAGE_TARNAME "ARTP2"
| #define PACKAGE_VERSION "0.9.31"
| #define PACKAGE_STRING "ARTP2 0.9.31"
| #define PACKAGE_BUGREPORT ""
| #define PACKAGE_URL ""
| /* end confdefs.h.  */
| 
| #ifndef _OPENMP
|  choke me
| #endif
| #include <omp.h>
| int main () { return omp_get_num_threads (); }
| 
configure:2343: clang++ -std=c++11 -o conftest -Wall -mtune=core2 -g -O2 -xopenmp   conftest.cpp  >&5
clang: error: language not recognized: 'openmp'
configure:2343: $? = 1
configure: failed program was:
| /* confdefs.h */
| #define PACKAGE_NAME "ARTP2"
| #define PACKAGE_TARNAME "ARTP2"
| #define PACKAGE_VERSION "0.9.31"
| #define PACKAGE_STRING "ARTP2 0.9.31"
| #define PACKAGE_BUGREPORT ""
| #define PACKAGE_URL ""
| /* end confdefs.h.  */
| 
| #ifndef _OPENMP
|  choke me
| #endif
| #include <omp.h>
| int main () { return omp_get_num_threads (); }
| 
configure:2343: clang++ -std=c++11 -o conftest -Wall -mtune=core2 -g -O2 -qopenmp   conftest.cpp  >&5
clang: error: unknown argument: '-qopenmp'
configure:2343: $? = 1
configure: failed program was:
| /* confdefs.h */
| #define PACKAGE_NAME "ARTP2"
| #define PACKAGE_TARNAME "ARTP2"
| #define PACKAGE_VERSION "0.9.31"
| #define PACKAGE_STRING "ARTP2 0.9.31"
| #define PACKAGE_BUGREPORT ""
| #define PACKAGE_URL ""
| /* end confdefs.h.  */
| 
| #ifndef _OPENMP
|  choke me
| #endif
| #include <omp.h>
| int main () { return omp_get_num_threads (); }
| 
configure:2343: clang++ -std=c++11 -o conftest -Wall -mtune=core2 -g -O2 -openmp   conftest.cpp  >&5
conftest.cpp:11:2: error: unknown type name 'choke'
 choke me
 ^
conftest.cpp:13:10: fatal error: 'omp.h' file not found
#include <omp.h>
         ^
2 errors generated.
configure:2343: $? = 1
configure: failed program was:
| /* confdefs.h */
| #define PACKAGE_NAME "ARTP2"
| #define PACKAGE_TARNAME "ARTP2"
| #define PACKAGE_VERSION "0.9.31"
| #define PACKAGE_STRING "ARTP2 0.9.31"
| #define PACKAGE_BUGREPORT ""
| #define PACKAGE_URL ""
| /* end confdefs.h.  */
| 
| #ifndef _OPENMP
|  choke me
| #endif
| #include <omp.h>
| int main () { return omp_get_num_threads (); }
| 
configure:2343: clang++ -std=c++11 -o conftest -Wall -mtune=core2 -g -O2 -mp   conftest.cpp  >&5
clang: error: unknown argument: '-mp'
configure:2343: $? = 1
configure: failed program was:
| /* confdefs.h */
| #define PACKAGE_NAME "ARTP2"
| #define PACKAGE_TARNAME "ARTP2"
| #define PACKAGE_VERSION "0.9.31"
| #define PACKAGE_STRING "ARTP2 0.9.31"
| #define PACKAGE_BUGREPORT ""
| #define PACKAGE_URL ""
| /* end confdefs.h.  */
| 
| #ifndef _OPENMP
|  choke me
| #endif
| #include <omp.h>
| int main () { return omp_get_num_threads (); }
| 
configure:2343: clang++ -std=c++11 -o conftest -Wall -mtune=core2 -g -O2 -omp   conftest.cpp  >&5
conftest.cpp:11:2: error: unknown type name 'choke'
 choke me
 ^
conftest.cpp:13:10: fatal error: 'omp.h' file not found
#include <omp.h>
         ^
2 errors generated.
configure:2343: $? = 1
configure: failed program was:
| /* confdefs.h */
| #define PACKAGE_NAME "ARTP2"
| #define PACKAGE_TARNAME "ARTP2"
| #define PACKAGE_VERSION "0.9.31"
| #define PACKAGE_STRING "ARTP2 0.9.31"
| #define PACKAGE_BUGREPORT ""
| #define PACKAGE_URL ""
| /* end confdefs.h.  */
| 
| #ifndef _OPENMP
|  choke me
| #endif
| #include <omp.h>
| int main () { return omp_get_num_threads (); }
| 
configure:2343: clang++ -std=c++11 -o conftest -Wall -mtune=core2 -g -O2 -qsmp=omp   conftest.cpp  >&5
clang: error: unknown argument: '-qsmp=omp'
configure:2343: $? = 1
configure: failed program was:
| /* confdefs.h */
| #define PACKAGE_NAME "ARTP2"
| #define PACKAGE_TARNAME "ARTP2"
| #define PACKAGE_VERSION "0.9.31"
| #define PACKAGE_STRING "ARTP2 0.9.31"
| #define PACKAGE_BUGREPORT ""
| #define PACKAGE_URL ""
| /* end confdefs.h.  */
| 
| #ifndef _OPENMP
|  choke me
| #endif
| #include <omp.h>
| int main () { return omp_get_num_threads (); }
| 
configure:2343: clang++ -std=c++11 -o conftest -Wall -mtune=core2 -g -O2 -homp   conftest.cpp  >&5
clang: error: unknown argument: '-homp'
configure:2343: $? = 1
configure: failed program was:
| /* confdefs.h */
| #define PACKAGE_NAME "ARTP2"
| #define PACKAGE_TARNAME "ARTP2"
| #define PACKAGE_VERSION "0.9.31"
| #define PACKAGE_STRING "ARTP2 0.9.31"
| #define PACKAGE_BUGREPORT ""
| #define PACKAGE_URL ""
| /* end confdefs.h.  */
| 
| #ifndef _OPENMP
|  choke me
| #endif
| #include <omp.h>
| int main () { return omp_get_num_threads (); }
| 
configure:2343: clang++ -std=c++11 -o conftest -Wall -mtune=core2 -g -O2 -fopenmp=libomp   conftest.cpp  >&5
clang: error: unsupported argument 'libomp' to option 'fopenmp='
clang: error: unsupported argument 'libomp' to option 'fopenmp='
configure:2343: $? = 1
configure: failed program was:
| /* confdefs.h */
| #define PACKAGE_NAME "ARTP2"
| #define PACKAGE_TARNAME "ARTP2"
| #define PACKAGE_VERSION "0.9.31"
| #define PACKAGE_STRING "ARTP2 0.9.31"
| #define PACKAGE_BUGREPORT ""
| #define PACKAGE_URL ""
| /* end confdefs.h.  */
| 
| #ifndef _OPENMP
|  choke me
| #endif
| #include <omp.h>
| int main () { return omp_get_num_threads (); }
| 
configure:2343: clang++ -std=c++11 -o conftest -Wall -mtune=core2 -g -O2 -Popenmp   conftest.cpp  >&5
clang: error: unknown argument: '-Popenmp'
configure:2343: $? = 1
configure: failed program was:
| /* confdefs.h */
| #define PACKAGE_NAME "ARTP2"
| #define PACKAGE_TARNAME "ARTP2"
| #define PACKAGE_VERSION "0.9.31"
| #define PACKAGE_STRING "ARTP2 0.9.31"
| #define PACKAGE_BUGREPORT ""
| #define PACKAGE_URL ""
| /* end confdefs.h.  */
| 
| #ifndef _OPENMP
|  choke me
| #endif
| #include <omp.h>
| int main () { return omp_get_num_threads (); }
| 
configure:2343: clang++ -std=c++11 -o conftest -Wall -mtune=core2 -g -O2 --openmp   conftest.cpp  >&5
clang: error: unsupported option '--openmp'
configure:2343: $? = 1
configure: failed program was:
| /* confdefs.h */
| #define PACKAGE_NAME "ARTP2"
| #define PACKAGE_TARNAME "ARTP2"
| #define PACKAGE_VERSION "0.9.31"
| #define PACKAGE_STRING "ARTP2 0.9.31"
| #define PACKAGE_BUGREPORT ""
| #define PACKAGE_URL ""
| /* end confdefs.h.  */
| 
| #ifndef _OPENMP
|  choke me
| #endif
| #include <omp.h>
| int main () { return omp_get_num_threads (); }
| 
configure:2357: result: unsupported
configure:2520: creating ./config.status

## ---------------------- ##
## Running config.status. ##
## ---------------------- ##

This file was extended by ARTP2 config.status 0.9.31, which was
generated by GNU Autoconf 2.69.  Invocation command line was

  CONFIG_FILES    = 
  CONFIG_HEADERS  = 
  CONFIG_LINKS    = 
  CONFIG_COMMANDS = 
  $ ./config.status 

on NCI-01940485-ML

config.status:720: creating src/Makevars

## ---------------- ##
## Cache variables. ##
## ---------------- ##

ac_cv_cxx_compiler_gnu=yes
ac_cv_env_CCC_set=
ac_cv_env_CCC_value=
ac_cv_env_CPPFLAGS_set=
ac_cv_env_CPPFLAGS_value=
ac_cv_env_CXXFLAGS_set=
ac_cv_env_CXXFLAGS_value=
ac_cv_env_CXX_set=
ac_cv_env_CXX_value=
ac_cv_env_LDFLAGS_set=
ac_cv_env_LDFLAGS_value=
ac_cv_env_LIBS_set=
ac_cv_env_LIBS_value=
ac_cv_env_build_alias_set=
ac_cv_env_build_alias_value=
ac_cv_env_host_alias_set=
ac_cv_env_host_alias_value=
ac_cv_env_target_alias_set=
ac_cv_env_target_alias_value=
ac_cv_objext=o
ac_cv_prog_cxx_g=yes
ac_cv_prog_cxx_openmp=unsupported

## ----------------- ##
## Output variables. ##
## ----------------- ##

CPPFLAGS=''
CXX='clang++ -std=c++11'
CXXFLAGS='-Wall -mtune=core2 -g -O2'
DEFS='-DPACKAGE_NAME=\"ARTP2\" -DPACKAGE_TARNAME=\"ARTP2\" -DPACKAGE_VERSION=\"0.9.31\" -DPACKAGE_STRING=\"ARTP2\ 0.9.31\" -DPACKAGE_BUGREPORT=\"\" -DPACKAGE_URL=\"\"'
ECHO_C='\c'
ECHO_N=''
ECHO_T=''
EXEEXT=''
LDFLAGS=''
LIBOBJS=''
LIBS=''
LTLIBOBJS=''
OBJEXT='o'
OPENMP_CXXFLAGS=''
PACKAGE_BUGREPORT=''
PACKAGE_NAME='ARTP2'
PACKAGE_STRING='ARTP2 0.9.31'
PACKAGE_TARNAME='ARTP2'
PACKAGE_URL=''
PACKAGE_VERSION='0.9.31'
PATH_SEPARATOR=':'
SHELL='/bin/sh'
ac_ct_CXX=''
bindir='${exec_prefix}/bin'
build_alias=''
datadir='${datarootdir}'
datarootdir='${prefix}/share'
docdir='${datarootdir}/doc/${PACKAGE_TARNAME}'
dvidir='${docdir}'
exec_prefix='${prefix}'
host_alias=''
htmldir='${docdir}'
includedir='${prefix}/include'
infodir='${datarootdir}/info'
libdir='${exec_prefix}/lib'
libexecdir='${exec_prefix}/libexec'
localedir='${datarootdir}/locale'
localstatedir='${prefix}/var'
mandir='${datarootdir}/man'
oldincludedir='/usr/include'
pdfdir='${docdir}'
prefix='/usr/local'
program_transform_name='s,x,x,'
psdir='${docdir}'
sbindir='${exec_prefix}/sbin'
sharedstatedir='${prefix}/com'
sysconfdir='${prefix}/etc'
target_alias=''

## ----------- ##
## confdefs.h. ##
## ----------- ##

/* confdefs.h */
#define PACKAGE_NAME "ARTP2"
#define PACKAGE_TARNAME "ARTP2"
#define PACKAGE_VERSION "0.9.31"
#define PACKAGE_STRING "ARTP2 0.9.31"
#define PACKAGE_BUGREPORT ""
#define PACKAGE_URL ""

configure: exit 0
